<?xml version="1.0" encoding="UTF-8"?>
<!-- Generated by org.testng.reporters.JUnitReportReporter -->
<testsuite hostname="MacBook-Pro.local" failures="0" tests="3" name="com.test.LoginTest" time="34.168" errors="0" timestamp="2020-06-15T13:55:24 EDT" skipped="0">
  <testcase classname="com.test.LoginTest" name="invalidPasswordLogin" time="11.832"/>
  <system-out/>
  <testcase classname="com.test.LoginTest" name="validAdminLogin" time="11.580"/>
  <system-out/>
  <testcase classname="com.test.LoginTest" name="emptyUsernameLogin" time="10.756"/>
  <system-out/>
</testsuite> <!-- com.test.LoginTest -->
