<?xml version="1.0" encoding="UTF-8"?>
<!-- Generated by org.testng.reporters.JUnitReportReporter -->
<testsuite hostname="MacBook-Pro.fios-router.home" failures="0" tests="1" name="com.syntax.class3.EmployeeStory" time="18.563" errors="0" timestamp="2020-06-25T20:00:08 EDT" skipped="0">
  <testcase classname="com.syntax.class3.EmployeeStory" name="addE" time="18.563"/>
  <system-out/>
</testsuite> <!-- com.syntax.class3.EmployeeStory -->
