<?xml version="1.0" encoding="UTF-8"?>
<!-- Generated by org.testng.reporters.JUnitReportReporter -->
<testsuite hostname="MacBook-Pro.local" failures="0" tests="3" name="com.syntax.class1.TaskTwo" time="0.005" errors="0" timestamp="2020-06-08T18:37:54 EDT" skipped="0">
  <testcase classname="com.syntax.class1.TaskTwo" name="testTwo" time="0.000"/>
  <system-out/>
  <testcase classname="com.syntax.class1.TaskTwo" name="testOne" time="0.004"/>
  <system-out/>
  <testcase classname="com.syntax.class1.TaskTwo" name="testThree" time="0.001"/>
  <system-out/>
</testsuite> <!-- com.syntax.class1.TaskTwo -->
