<?xml version="1.0" encoding="UTF-8"?>
<!-- Generated by org.testng.reporters.JUnitReportReporter -->
<testsuite hostname="MacBook-Pro.fios-router.home" failures="0" tests="4" name="com.syntax.class2.AssertionDemo" time="33.067" errors="0" timestamp="2020-06-20T21:11:24 EDT" skipped="0">
  <testcase classname="com.syntax.class2.AssertionDemo" name="addE" time="22.426"/>
  <system-out/>
  <testcase classname="com.syntax.class2.AssertionDemo" name="titleValidation" time="2.100"/>
  <system-out/>
  <testcase classname="com.syntax.class2.AssertionDemo" name="logoValidation" time="3.245"/>
  <system-out/>
  <testcase classname="com.syntax.class2.AssertionDemo" name="loginValidation" time="5.296"/>
  <system-out/>
</testsuite> <!-- com.syntax.class2.AssertionDemo -->
