<?xml version="1.0" encoding="UTF-8"?>
<!-- Generated by org.testng.reporters.JUnitReportReporter -->
<testsuite hostname="MacBook-Pro.fios-router.home" failures="0" tests="5" name="com.syntax.class2.TaskOne" time="0.008" errors="0" timestamp="2020-06-10T20:52:46 EDT" skipped="1">
  <testcase classname="com.syntax.class2.TaskOne" name="firstMethod" time="0.006"/>
  <system-out/>
  <testcase classname="com.syntax.class2.TaskOne" name="secondMethod" time="0.001"/>
  <system-out/>
  <testcase classname="com.syntax.class2.TaskOne" name="thirdMethod" time="0.000"/>
  <system-out/>
  <testcase classname="com.syntax.class2.TaskOne" name="fourthMethod" time="0.001"/>
  <system-out/>
  <testcase classname="com.syntax.class2.TaskOne" name="firstMethod1">
    <skipped/>
  </testcase> <!-- firstMethod1 -->
  <system-out/>
</testsuite> <!-- com.syntax.class2.TaskOne -->
