<?xml version="1.0" encoding="UTF-8"?>
<!-- Generated by org.testng.reporters.JUnitReportReporter -->
<testsuite hostname="MacBook-Pro.local" failures="0" tests="1" name="com.syntax.class2.Task" time="5.365" errors="0" timestamp="2020-06-11T17:56:37 EDT" skipped="0">
  <testcase classname="com.syntax.class2.Task" name="logoValid" time="5.365"/>
  <system-out/>
</testsuite> <!-- com.syntax.class2.Task -->
