<?xml version="1.0" encoding="UTF-8"?>
<!-- Generated by org.testng.reporters.JUnitReportReporter -->
<testsuite hostname="MacBook-Pro.local" failures="0" tests="1" name="com.syntax.class2.SoftAssertDemo" time="6.437" errors="0" timestamp="2020-06-15T13:00:48 EDT" skipped="0">
  <testcase classname="com.syntax.class2.SoftAssertDemo" name="logoAndWelcomeValidation" time="6.437"/>
  <system-out/>
</testsuite> <!-- com.syntax.class2.SoftAssertDemo -->
