<?xml version="1.0" encoding="UTF-8"?>
<!-- Generated by org.testng.reporters.JUnitReportReporter -->
<testsuite hostname="MacBook-Pro.fios-router.home" failures="0" tests="1" name="com.test.AddEmployeeTest" time="18.338" errors="0" timestamp="2020-06-16T20:28:14 EDT" skipped="0">
  <testcase classname="com.test.AddEmployeeTest" name="addEmployeePage" time="18.338"/>
  <system-out/>
</testsuite> <!-- com.test.AddEmployeeTest -->
